{
  "id": 166338108,
  "node_id": "MDEwOlJlcG9zaXRvcnkxNjYzMzgxMDg=",
  "name": "udemy_ml_az",
  "full_name": "tarajano/udemy_ml_az",
  "private": false,
  "owner": {
    "login": "tarajano",
    "id": 11542477,
    "node_id": "MDQ6VXNlcjExNTQyNDc3",
    "avatar_url": "https://avatars1.githubusercontent.com/u/11542477?v=4",
    "gravatar_id": "",
    "url": "https://api.github.com/users/tarajano",
    "html_url": "https://github.com/tarajano",
    "followers_url": "https://api.github.com/users/tarajano/followers",
    "following_url": "https://api.github.com/users/tarajano/following{/other_user}",
    "gists_url": "https://api.github.com/users/tarajano/gists{/gist_id}",
    "starred_url": "https://api.github.com/users/tarajano/starred{/owner}{/repo}",
    "subscriptions_url": "https://api.github.com/users/tarajano/subscriptions",
    "organizations_url": "https://api.github.com/users/tarajano/orgs",
    "repos_url": "https://api.github.com/users/tarajano/repos",
    "events_url": "https://api.github.com/users/tarajano/events{/privacy}",
    "received_events_url": "https://api.github.com/users/tarajano/received_events",
    "type": "User",
    "site_admin": false
  },
  "html_url": "https://github.com/tarajano/udemy_ml_az",
  "description": null,
  "fork": false,
  "url": "https://api.github.com/repos/tarajano/udemy_ml_az",
  "forks_url": "https://api.github.com/repos/tarajano/udemy_ml_az/forks",
  "keys_url": "https://api.github.com/repos/tarajano/udemy_ml_az/keys{/key_id}",
  "collaborators_url": "https://api.github.com/repos/tarajano/udemy_ml_az/collaborators{/collaborator}",
  "teams_url": "https://api.github.com/repos/tarajano/udemy_ml_az/teams",
  "hooks_url": "https://api.github.com/repos/tarajano/udemy_ml_az/hooks",
  "issue_events_url": "https://api.github.com/repos/tarajano/udemy_ml_az/issues/events{/number}",
  "events_url": "https://api.github.com/repos/tarajano/udemy_ml_az/events",
  "assignees_url": "https://api.github.com/repos/tarajano/udemy_ml_az/assignees{/user}",
  "branches_url": "https://api.github.com/repos/tarajano/udemy_ml_az/branches{/branch}",
  "tags_url": "https://api.github.com/repos/tarajano/udemy_ml_az/tags",
  "blobs_url": "https://api.github.com/repos/tarajano/udemy_ml_az/git/blobs{/sha}",
  "git_tags_url": "https://api.github.com/repos/tarajano/udemy_ml_az/git/tags{/sha}",
  "git_refs_url": "https://api.github.com/repos/tarajano/udemy_ml_az/git/refs{/sha}",
  "trees_url": "https://api.github.com/repos/tarajano/udemy_ml_az/git/trees{/sha}",
  "statuses_url": "https://api.github.com/repos/tarajano/udemy_ml_az/statuses/{sha}",
  "languages_url": "https://api.github.com/repos/tarajano/udemy_ml_az/languages",
  "stargazers_url": "https://api.github.com/repos/tarajano/udemy_ml_az/stargazers",
  "contributors_url": "https://api.github.com/repos/tarajano/udemy_ml_az/contributors",
  "subscribers_url": "https://api.github.com/repos/tarajano/udemy_ml_az/subscribers",
  "subscription_url": "https://api.github.com/repos/tarajano/udemy_ml_az/subscription",
  "commits_url": "https://api.github.com/repos/tarajano/udemy_ml_az/commits{/sha}",
  "git_commits_url": "https://api.github.com/repos/tarajano/udemy_ml_az/git/commits{/sha}",
  "comments_url": "https://api.github.com/repos/tarajano/udemy_ml_az/comments{/number}",
  "issue_comment_url": "https://api.github.com/repos/tarajano/udemy_ml_az/issues/comments{/number}",
  "contents_url": "https://api.github.com/repos/tarajano/udemy_ml_az/contents/{+path}",
  "compare_url": "https://api.github.com/repos/tarajano/udemy_ml_az/compare/{base}...{head}",
  "merges_url": "https://api.github.com/repos/tarajano/udemy_ml_az/merges",
  "archive_url": "https://api.github.com/repos/tarajano/udemy_ml_az/{archive_format}{/ref}",
  "downloads_url": "https://api.github.com/repos/tarajano/udemy_ml_az/downloads",
  "issues_url": "https://api.github.com/repos/tarajano/udemy_ml_az/issues{/number}",
  "pulls_url": "https://api.github.com/repos/tarajano/udemy_ml_az/pulls{/number}",
  "milestones_url": "https://api.github.com/repos/tarajano/udemy_ml_az/milestones{/number}",
  "notifications_url": "https://api.github.com/repos/tarajano/udemy_ml_az/notifications{?since,all,participating}",
  "labels_url": "https://api.github.com/repos/tarajano/udemy_ml_az/labels{/name}",
  "releases_url": "https://api.github.com/repos/tarajano/udemy_ml_az/releases{/id}",
  "deployments_url": "https://api.github.com/repos/tarajano/udemy_ml_az/deployments",
  "created_at": "2019-01-18T03:31:33Z",
  "updated_at": "2019-01-18T03:31:33Z",
  "pushed_at": "2019-01-18T03:31:34Z",
  "git_url": "git://github.com/tarajano/udemy_ml_az.git",
  "ssh_url": "git@github.com:tarajano/udemy_ml_az.git",
  "clone_url": "https://github.com/tarajano/udemy_ml_az.git",
  "svn_url": "https://github.com/tarajano/udemy_ml_az",
  "homepage": null,
  "size": 0,
  "stargazers_count": 0,
  "watchers_count": 0,
  "language": null,
  "has_issues": true,
  "has_projects": true,
  "has_downloads": true,
  "has_wiki": true,
  "has_pages": false,
  "forks_count": 0,
  "mirror_url": null,
  "archived": false,
  "open_issues_count": 0,
  "license": null,
  "forks": 0,
  "open_issues": 0,
  "watchers": 0,
  "default_branch": "master",
  "permissions": {
    "admin": true,
    "push": true,
    "pull": true
  },
  "allow_squash_merge": true,
  "allow_merge_commit": true,
  "allow_rebase_merge": true,
  "network_count": 0,
  "subscribers_count": 1
}
